android/app/build/intermediates/manifest_merge_blame_file/release/processReleaseMainManifest/manifest-merger-blame-release-report.txt
1<?xml version="1.0" encoding="utf-8"?>
2<manifest xmlns:android="http://schemas.android.com/apk/res/android"
3    package="com.chistesapp.app"
4    android:versionCode="2"
5    android:versionName="1.0" >
6
7    <uses-sdk
8        android:minSdkVersion="23"
9        android:targetSdkVersion="35" />
10
11    <!-- Permissions -->
12
13    <uses-permission android:name="android.permission.INTERNET" />
13-->src\main\AndroidManifest.xml:38:5-67
13-->src\main\AndroidManifest.xml:38:22-64
14    <uses-permission android:name="android.permission.ACCESS_NETWORK_STATE" />
14-->[:capacitor-community-admob] AndroidManifest.xml:7:5-79
14-->[:capacitor-community-admob] AndroidManifest.xml:7:22-76
15
16    <queries>
16-->[:capacitor-community-text-to-speech] AndroidManifest.xml:7:5-11:15
17        <intent>
17-->[:capacitor-community-text-to-speech] AndroidManifest.xml:8:9-10:18
18            <action android:name="android.intent.action.TTS_SERVICE" />
18-->[:capacitor-community-text-to-speech] AndroidManifest.xml:9:13-72
18-->[:capacitor-community-text-to-speech] AndroidManifest.xml:9:21-69
19        </intent>
20        <!-- For browser content -->
21        <intent>
21-->[com.google.android.gms:play-services-ads-api:24.5.0] AndroidManifest.xml:38:9-44:18
22            <action android:name="android.intent.action.VIEW" />
22-->[com.google.android.gms:play-services-ads-api:24.5.0] AndroidManifest.xml:39:13-65
22-->[com.google.android.gms:play-services-ads-api:24.5.0] AndroidManifest.xml:39:21-62
23
24            <category android:name="android.intent.category.BROWSABLE" />
24-->[com.google.android.gms:play-services-ads-api:24.5.0] AndroidManifest.xml:41:13-74
24-->[com.google.android.gms:play-services-ads-api:24.5.0] AndroidManifest.xml:41:23-71
25
26            <data android:scheme="https" />
26-->[com.google.android.gms:play-services-ads-api:24.5.0] AndroidManifest.xml:43:13-44
26-->[com.google.android.gms:play-services-ads-api:24.5.0] AndroidManifest.xml:43:19-41
27        </intent> <!-- End of browser content -->
28        <!-- For CustomTabsService -->
29        <intent>
29-->[com.google.android.gms:play-services-ads-api:24.5.0] AndroidManifest.xml:47:9-49:18
30            <action android:name="android.support.customtabs.action.CustomTabsService" />
30-->[com.google.android.gms:play-services-ads-api:24.5.0] AndroidManifest.xml:48:13-90
30-->[com.google.android.gms:play-services-ads-api:24.5.0] AndroidManifest.xml:48:21-87
31        </intent> <!-- End of CustomTabsService -->
32        <!-- For MRAID capabilities -->
33        <intent>
33-->[com.google.android.gms:play-services-ads-api:24.5.0] AndroidManifest.xml:52:9-56:18
34            <action android:name="android.intent.action.INSERT" />
34-->[com.google.android.gms:play-services-ads-api:24.5.0] AndroidManifest.xml:53:13-67
34-->[com.google.android.gms:play-services-ads-api:24.5.0] AndroidManifest.xml:53:21-64
35
36            <data android:mimeType="vnd.android.cursor.dir/event" />
36-->[com.google.android.gms:play-services-ads-api:24.5.0] AndroidManifest.xml:43:13-44
37        </intent>
38        <intent>
38-->[com.google.android.gms:play-services-ads-api:24.5.0] AndroidManifest.xml:57:9-61:18
39            <action android:name="android.intent.action.VIEW" />
39-->[com.google.android.gms:play-services-ads-api:24.5.0] AndroidManifest.xml:39:13-65
39-->[com.google.android.gms:play-services-ads-api:24.5.0] AndroidManifest.xml:39:21-62
40
41            <data android:scheme="sms" />
41-->[com.google.android.gms:play-services-ads-api:24.5.0] AndroidManifest.xml:43:13-44
41-->[com.google.android.gms:play-services-ads-api:24.5.0] AndroidManifest.xml:43:19-41
42        </intent>
43        <intent>
43-->[com.google.android.gms:play-services-ads-api:24.5.0] AndroidManifest.xml:62:9-66:18
44            <action android:name="android.intent.action.DIAL" />
44-->[com.google.android.gms:play-services-ads-api:24.5.0] AndroidManifest.xml:63:13-65
44-->[com.google.android.gms:play-services-ads-api:24.5.0] AndroidManifest.xml:63:21-62
45
46            <data android:path="tel:" />
46-->[com.google.android.gms:play-services-ads-api:24.5.0] AndroidManifest.xml:43:13-44
47        </intent>
48    </queries>
49
50    <uses-permission android:name="com.google.android.gms.permission.AD_ID" />
50-->[com.google.android.gms:play-services-ads-api:24.5.0] AndroidManifest.xml:26:5-79
50-->[com.google.android.gms:play-services-ads-api:24.5.0] AndroidManifest.xml:26:22-76
51    <uses-permission android:name="android.permission.ACCESS_ADSERVICES_AD_ID" />
51-->[com.google.android.gms:play-services-ads-api:24.5.0] AndroidManifest.xml:27:5-82
51-->[com.google.android.gms:play-services-ads-api:24.5.0] AndroidManifest.xml:27:22-79
52    <uses-permission android:name="android.permission.ACCESS_ADSERVICES_ATTRIBUTION" />
52-->[com.google.android.gms:play-services-ads-api:24.5.0] AndroidManifest.xml:28:5-88
52-->[com.google.android.gms:play-services-ads-api:24.5.0] AndroidManifest.xml:28:22-85
53    <uses-permission android:name="android.permission.ACCESS_ADSERVICES_TOPICS" />
53-->[com.google.android.gms:play-services-ads-api:24.5.0] AndroidManifest.xml:29:5-83
53-->[com.google.android.gms:play-services-ads-api:24.5.0] AndroidManifest.xml:29:22-80
54    <uses-permission android:name="android.permission.WAKE_LOCK" />
54-->[com.google.android.gms:play-services-measurement-sdk-api:20.1.2] AndroidManifest.xml:25:5-68
54-->[com.google.android.gms:play-services-measurement-sdk-api:20.1.2] AndroidManifest.xml:25:22-65
55    <uses-permission android:name="android.permission.FOREGROUND_SERVICE" />
55-->[androidx.work:work-runtime:2.7.0] AndroidManifest.xml:28:5-77
55-->[androidx.work:work-runtime:2.7.0] AndroidManifest.xml:28:22-74
56
57    <permission
57-->[androidx.core:core:1.15.0] AndroidManifest.xml:22:5-24:47
58        android:name="com.chistesapp.app.DYNAMIC_RECEIVER_NOT_EXPORTED_PERMISSION"
58-->[androidx.core:core:1.15.0] AndroidManifest.xml:23:9-81
59        android:protectionLevel="signature" />
59-->[androidx.core:core:1.15.0] AndroidManifest.xml:24:9-44
60
61    <uses-permission android:name="com.chistesapp.app.DYNAMIC_RECEIVER_NOT_EXPORTED_PERMISSION" />
61-->[androidx.core:core:1.15.0] AndroidManifest.xml:26:5-97
61-->[androidx.core:core:1.15.0] AndroidManifest.xml:26:22-94
62
63    <application
63-->src\main\AndroidManifest.xml:3:5-34:19
64        android:allowBackup="true"
64-->src\main\AndroidManifest.xml:4:9-35
65        android:appComponentFactory="androidx.core.app.CoreComponentFactory"
65-->[androidx.core:core:1.15.0] AndroidManifest.xml:28:18-86
66        android:extractNativeLibs="false"
67        android:icon="@mipmap/ic_launcher"
67-->src\main\AndroidManifest.xml:5:9-43
68        android:label="@string/app_name"
68-->src\main\AndroidManifest.xml:6:9-41
69        android:roundIcon="@mipmap/ic_launcher_round"
69-->src\main\AndroidManifest.xml:7:9-54
70        android:supportsRtl="true"
70-->src\main\AndroidManifest.xml:8:9-35
71        android:theme="@style/AppTheme" >
71-->src\main\AndroidManifest.xml:9:9-40
72        <meta-data
72-->src\main\AndroidManifest.xml:10:9-13:11
73            android:name="com.google.android.gms.ads.APPLICATION_ID"
73-->src\main\AndroidManifest.xml:11:13-69
74            android:value="ca-app-pub-1639698267501945~5312321170" />
74-->src\main\AndroidManifest.xml:12:13-67
75
76        <activity
76-->src\main\AndroidManifest.xml:14:9-25:20
77            android:name="com.chistesapp.app.MainActivity"
77-->src\main\AndroidManifest.xml:16:13-41
78            android:configChanges="orientation|keyboardHidden|keyboard|screenSize|locale|smallestScreenSize|screenLayout|uiMode|navigation"
78-->src\main\AndroidManifest.xml:15:13-140
79            android:exported="true"
79-->src\main\AndroidManifest.xml:20:13-36
80            android:label="@string/title_activity_main"
80-->src\main\AndroidManifest.xml:17:13-56
81            android:launchMode="singleTask"
81-->src\main\AndroidManifest.xml:19:13-44
82            android:theme="@style/AppTheme.NoActionBarLaunch" >
82-->src\main\AndroidManifest.xml:18:13-62
83            <intent-filter>
83-->src\main\AndroidManifest.xml:21:13-24:29
84                <action android:name="android.intent.action.MAIN" />
84-->src\main\AndroidManifest.xml:22:17-69
84-->src\main\AndroidManifest.xml:22:25-66
85
86                <category android:name="android.intent.category.LAUNCHER" />
86-->src\main\AndroidManifest.xml:23:17-77
86-->src\main\AndroidManifest.xml:23:27-74
87            </intent-filter>
88        </activity>
89
90        <provider
91            android:name="androidx.core.content.FileProvider"
91-->src\main\AndroidManifest.xml:28:13-62
92            android:authorities="com.chistesapp.app.fileprovider"
92-->src\main\AndroidManifest.xml:29:13-64
93            android:exported="false"
93-->src\main\AndroidManifest.xml:30:13-37
94            android:grantUriPermissions="true" >
94-->src\main\AndroidManifest.xml:31:13-47
95            <meta-data
95-->src\main\AndroidManifest.xml:32:13-112
96                android:name="android.support.FILE_PROVIDER_PATHS"
96-->src\main\AndroidManifest.xml:32:24-74
97                android:resource="@xml/file_paths" />
97-->src\main\AndroidManifest.xml:32:75-109
98        </provider>
99        <!-- Include the AdActivity and InAppPurchaseActivity configChanges and themes. -->
100        <activity
100-->[com.google.android.gms:play-services-ads-api:24.5.0] AndroidManifest.xml:73:9-78:43
101            android:name="com.google.android.gms.ads.AdActivity"
101-->[com.google.android.gms:play-services-ads-api:24.5.0] AndroidManifest.xml:74:13-65
102            android:configChanges="keyboard|keyboardHidden|orientation|screenLayout|uiMode|screenSize|smallestScreenSize"
102-->[com.google.android.gms:play-services-ads-api:24.5.0] AndroidManifest.xml:75:13-122
103            android:exported="false"
103-->[com.google.android.gms:play-services-ads-api:24.5.0] AndroidManifest.xml:76:13-37
104            android:theme="@android:style/Theme.Translucent" />
104-->[com.google.android.gms:play-services-ads-api:24.5.0] AndroidManifest.xml:77:13-61
105
106        <provider
106-->[com.google.android.gms:play-services-ads-api:24.5.0] AndroidManifest.xml:80:9-85:43
107            android:name="com.google.android.gms.ads.MobileAdsInitProvider"
107-->[com.google.android.gms:play-services-ads-api:24.5.0] AndroidManifest.xml:81:13-76
108            android:authorities="com.chistesapp.app.mobileadsinitprovider"
108-->[com.google.android.gms:play-services-ads-api:24.5.0] AndroidManifest.xml:82:13-73
109            android:exported="false"
109-->[com.google.android.gms:play-services-ads-api:24.5.0] AndroidManifest.xml:83:13-37
110            android:initOrder="100" />
110-->[com.google.android.gms:play-services-ads-api:24.5.0] AndroidManifest.xml:84:13-36
111
112        <service
112-->[com.google.android.gms:play-services-ads-api:24.5.0] AndroidManifest.xml:87:9-91:43
113            android:name="com.google.android.gms.ads.AdService"
113-->[com.google.android.gms:play-services-ads-api:24.5.0] AndroidManifest.xml:88:13-64
114            android:enabled="true"
114-->[com.google.android.gms:play-services-ads-api:24.5.0] AndroidManifest.xml:89:13-35
115            android:exported="false" />
115-->[com.google.android.gms:play-services-ads-api:24.5.0] AndroidManifest.xml:90:13-37
116
117        <activity
117-->[com.google.android.gms:play-services-ads-api:24.5.0] AndroidManifest.xml:93:9-97:43
118            android:name="com.google.android.gms.ads.OutOfContextTestingActivity"
118-->[com.google.android.gms:play-services-ads-api:24.5.0] AndroidManifest.xml:94:13-82
119            android:configChanges="keyboard|keyboardHidden|orientation|screenLayout|uiMode|screenSize|smallestScreenSize"
119-->[com.google.android.gms:play-services-ads-api:24.5.0] AndroidManifest.xml:95:13-122
120            android:exported="false" />
120-->[com.google.android.gms:play-services-ads-api:24.5.0] AndroidManifest.xml:96:13-37
121        <activity
121-->[com.google.android.gms:play-services-ads-api:24.5.0] AndroidManifest.xml:98:9-105:43
122            android:name="com.google.android.gms.ads.NotificationHandlerActivity"
122-->[com.google.android.gms:play-services-ads-api:24.5.0] AndroidManifest.xml:99:13-82
123            android:excludeFromRecents="true"
123-->[com.google.android.gms:play-services-ads-api:24.5.0] AndroidManifest.xml:100:13-46
124            android:exported="false"
124-->[com.google.android.gms:play-services-ads-api:24.5.0] AndroidManifest.xml:101:13-37
125            android:launchMode="singleTask"
125-->[com.google.android.gms:play-services-ads-api:24.5.0] AndroidManifest.xml:102:13-44
126            android:taskAffinity=""
126-->[com.google.android.gms:play-services-ads-api:24.5.0] AndroidManifest.xml:103:13-36
127            android:theme="@android:style/Theme.Translucent.NoTitleBar" />
127-->[com.google.android.gms:play-services-ads-api:24.5.0] AndroidManifest.xml:104:13-72
128
129        <meta-data
129-->[com.google.android.gms:play-services-ads-api:24.5.0] AndroidManifest.xml:107:9-109:36
130            android:name="com.google.android.gms.ads.flag.OPTIMIZE_AD_LOADING"
130-->[com.google.android.gms:play-services-ads-api:24.5.0] AndroidManifest.xml:108:13-79
131            android:value="true" />
131-->[com.google.android.gms:play-services-ads-api:24.5.0] AndroidManifest.xml:109:13-33
132        <meta-data
132-->[com.google.android.gms:play-services-ads-api:24.5.0] AndroidManifest.xml:110:9-112:36
133            android:name="com.google.android.gms.ads.flag.OPTIMIZE_INITIALIZATION"
133-->[com.google.android.gms:play-services-ads-api:24.5.0] AndroidManifest.xml:111:13-83
134            android:value="true" />
134-->[com.google.android.gms:play-services-ads-api:24.5.0] AndroidManifest.xml:112:13-33
135
136        <activity
136-->[com.google.android.gms:play-services-base:18.0.0] AndroidManifest.xml:20:9-22:45
137            android:name="com.google.android.gms.common.api.GoogleApiActivity"
137-->[com.google.android.gms:play-services-base:18.0.0] AndroidManifest.xml:20:19-85
138            android:exported="false"
138-->[com.google.android.gms:play-services-base:18.0.0] AndroidManifest.xml:22:19-43
139            android:theme="@android:style/Theme.Translucent.NoTitleBar" />
139-->[com.google.android.gms:play-services-base:18.0.0] AndroidManifest.xml:21:19-78
140
141        <meta-data
141-->[com.google.android.gms:play-services-basement:18.4.0] AndroidManifest.xml:6:9-122
142            android:name="com.google.android.gms.version"
142-->[com.google.android.gms:play-services-basement:18.4.0] AndroidManifest.xml:6:20-65
143            android:value="@integer/google_play_services_version" />
143-->[com.google.android.gms:play-services-basement:18.4.0] AndroidManifest.xml:6:66-119
144
145        <provider
145-->[androidx.emoji2:emoji2:1.3.0] AndroidManifest.xml:24:9-32:20
146            android:name="androidx.startup.InitializationProvider"
146-->[androidx.emoji2:emoji2:1.3.0] AndroidManifest.xml:25:13-67
147            android:authorities="com.chistesapp.app.androidx-startup"
147-->[androidx.emoji2:emoji2:1.3.0] AndroidManifest.xml:26:13-68
148            android:exported="false" >
148-->[androidx.emoji2:emoji2:1.3.0] AndroidManifest.xml:27:13-37
149            <meta-data
149-->[androidx.emoji2:emoji2:1.3.0] AndroidManifest.xml:29:13-31:52
150                android:name="androidx.emoji2.text.EmojiCompatInitializer"
150-->[androidx.emoji2:emoji2:1.3.0] AndroidManifest.xml:30:17-75
151                android:value="androidx.startup" />
151-->[androidx.emoji2:emoji2:1.3.0] AndroidManifest.xml:31:17-49
152            <meta-data
152-->[androidx.work:work-runtime:2.7.0] AndroidManifest.xml:36:13-38:52
153                android:name="androidx.work.WorkManagerInitializer"
153-->[androidx.work:work-runtime:2.7.0] AndroidManifest.xml:37:17-68
154                android:value="androidx.startup" />
154-->[androidx.work:work-runtime:2.7.0] AndroidManifest.xml:38:17-49
155            <meta-data
155-->[androidx.lifecycle:lifecycle-process:2.6.2] AndroidManifest.xml:29:13-31:52
156                android:name="androidx.lifecycle.ProcessLifecycleInitializer"
156-->[androidx.lifecycle:lifecycle-process:2.6.2] AndroidManifest.xml:30:17-78
157                android:value="androidx.startup" />
157-->[androidx.lifecycle:lifecycle-process:2.6.2] AndroidManifest.xml:31:17-49
158            <meta-data
158-->[androidx.profileinstaller:profileinstaller:1.3.1] AndroidManifest.xml:29:13-31:52
159                android:name="androidx.profileinstaller.ProfileInstallerInitializer"
159-->[androidx.profileinstaller:profileinstaller:1.3.1] AndroidManifest.xml:30:17-85
160                android:value="androidx.startup" />
160-->[androidx.profileinstaller:profileinstaller:1.3.1] AndroidManifest.xml:31:17-49
161        </provider>
162
163        <service
163-->[androidx.work:work-runtime:2.7.0] AndroidManifest.xml:41:9-46:35
164            android:name="androidx.work.impl.background.systemalarm.SystemAlarmService"
164-->[androidx.work:work-runtime:2.7.0] AndroidManifest.xml:42:13-88
165            android:directBootAware="false"
165-->[androidx.work:work-runtime:2.7.0] AndroidManifest.xml:43:13-44
166            android:enabled="@bool/enable_system_alarm_service_default"
166-->[androidx.work:work-runtime:2.7.0] AndroidManifest.xml:44:13-72
167            android:exported="false" />
167-->[androidx.work:work-runtime:2.7.0] AndroidManifest.xml:45:13-37
168        <service
168-->[androidx.work:work-runtime:2.7.0] AndroidManifest.xml:47:9-53:35
169            android:name="androidx.work.impl.background.systemjob.SystemJobService"
169-->[androidx.work:work-runtime:2.7.0] AndroidManifest.xml:48:13-84
170            android:directBootAware="false"
170-->[androidx.work:work-runtime:2.7.0] AndroidManifest.xml:49:13-44
171            android:enabled="@bool/enable_system_job_service_default"
171-->[androidx.work:work-runtime:2.7.0] AndroidManifest.xml:50:13-70
172            android:exported="true"
172-->[androidx.work:work-runtime:2.7.0] AndroidManifest.xml:51:13-36
173            android:permission="android.permission.BIND_JOB_SERVICE" />
173-->[androidx.work:work-runtime:2.7.0] AndroidManifest.xml:52:13-69
174        <service
174-->[androidx.work:work-runtime:2.7.0] AndroidManifest.xml:54:9-59:35
175            android:name="androidx.work.impl.foreground.SystemForegroundService"
175-->[androidx.work:work-runtime:2.7.0] AndroidManifest.xml:55:13-81
176            android:directBootAware="false"
176-->[androidx.work:work-runtime:2.7.0] AndroidManifest.xml:56:13-44
177            android:enabled="@bool/enable_system_foreground_service_default"
177-->[androidx.work:work-runtime:2.7.0] AndroidManifest.xml:57:13-77
178            android:exported="false" />
178-->[androidx.work:work-runtime:2.7.0] AndroidManifest.xml:58:13-37
179
180        <receiver
180-->[androidx.work:work-runtime:2.7.0] AndroidManifest.xml:61:9-66:35
181            android:name="androidx.work.impl.utils.ForceStopRunnable$BroadcastReceiver"
181-->[androidx.work:work-runtime:2.7.0] AndroidManifest.xml:62:13-88
182            android:directBootAware="false"
182-->[androidx.work:work-runtime:2.7.0] AndroidManifest.xml:63:13-44
183            android:enabled="true"
183-->[androidx.work:work-runtime:2.7.0] AndroidManifest.xml:64:13-35
184            android:exported="false" />
184-->[androidx.work:work-runtime:2.7.0] AndroidManifest.xml:65:13-37
185        <receiver
185-->[androidx.work:work-runtime:2.7.0] AndroidManifest.xml:67:9-77:20
186            android:name="androidx.work.impl.background.systemalarm.ConstraintProxy$BatteryChargingProxy"
186-->[androidx.work:work-runtime:2.7.0] AndroidManifest.xml:68:13-106
187            android:directBootAware="false"
187-->[androidx.work:work-runtime:2.7.0] AndroidManifest.xml:69:13-44
188            android:enabled="false"
188-->[androidx.work:work-runtime:2.7.0] AndroidManifest.xml:70:13-36
189            android:exported="false" >
189-->[androidx.work:work-runtime:2.7.0] AndroidManifest.xml:71:13-37
190            <intent-filter>
190-->[androidx.work:work-runtime:2.7.0] AndroidManifest.xml:73:13-76:29
191                <action android:name="android.intent.action.ACTION_POWER_CONNECTED" />
191-->[androidx.work:work-runtime:2.7.0] AndroidManifest.xml:74:17-87
191-->[androidx.work:work-runtime:2.7.0] AndroidManifest.xml:74:25-84
192                <action android:name="android.intent.action.ACTION_POWER_DISCONNECTED" />
192-->[androidx.work:work-runtime:2.7.0] AndroidManifest.xml:75:17-90
192-->[androidx.work:work-runtime:2.7.0] AndroidManifest.xml:75:25-87
193            </intent-filter>
194        </receiver>
195        <receiver
195-->[androidx.work:work-runtime:2.7.0] AndroidManifest.xml:78:9-88:20
196            android:name="androidx.work.impl.background.systemalarm.ConstraintProxy$BatteryNotLowProxy"
196-->[androidx.work:work-runtime:2.7.0] AndroidManifest.xml:79:13-104
197            android:directBootAware="false"
197-->[androidx.work:work-runtime:2.7.0] AndroidManifest.xml:80:13-44
198            android:enabled="false"
198-->[androidx.work:work-runtime:2.7.0] AndroidManifest.xml:81:13-36
199            android:exported="false" >
199-->[androidx.work:work-runtime:2.7.0] AndroidManifest.xml:82:13-37
200            <intent-filter>
200-->[androidx.work:work-runtime:2.7.0] AndroidManifest.xml:84:13-87:29
201                <action android:name="android.intent.action.BATTERY_OKAY" />
201-->[androidx.work:work-runtime:2.7.0] AndroidManifest.xml:85:17-77
201-->[androidx.work:work-runtime:2.7.0] AndroidManifest.xml:85:25-74
202                <action android:name="android.intent.action.BATTERY_LOW" />
202-->[androidx.work:work-runtime:2.7.0] AndroidManifest.xml:86:17-76
202-->[androidx.work:work-runtime:2.7.0] AndroidManifest.xml:86:25-73
203            </intent-filter>
204        </receiver>
205        <receiver
205-->[androidx.work:work-runtime:2.7.0] AndroidManifest.xml:89:9-99:20
206            android:name="androidx.work.impl.background.systemalarm.ConstraintProxy$StorageNotLowProxy"
206-->[androidx.work:work-runtime:2.7.0] AndroidManifest.xml:90:13-104
207            android:directBootAware="false"
207-->[androidx.work:work-runtime:2.7.0] AndroidManifest.xml:91:13-44
208            android:enabled="false"
208-->[androidx.work:work-runtime:2.7.0] AndroidManifest.xml:92:13-36
209            android:exported="false" >
209-->[androidx.work:work-runtime:2.7.0] AndroidManifest.xml:93:13-37
210            <intent-filter>
210-->[androidx.work:work-runtime:2.7.0] AndroidManifest.xml:95:13-98:29
211                <action android:name="android.intent.action.DEVICE_STORAGE_LOW" />
211-->[androidx.work:work-runtime:2.7.0] AndroidManifest.xml:96:17-83
211-->[androidx.work:work-runtime:2.7.0] AndroidManifest.xml:96:25-80
212                <action android:name="android.intent.action.DEVICE_STORAGE_OK" />
212-->[androidx.work:work-runtime:2.7.0] AndroidManifest.xml:97:17-82
212-->[androidx.work:work-runtime:2.7.0] AndroidManifest.xml:97:25-79
213            </intent-filter>
214        </receiver>
215        <receiver
215-->[androidx.work:work-runtime:2.7.0] AndroidManifest.xml:100:9-109:20
216            android:name="androidx.work.impl.background.systemalarm.ConstraintProxy$NetworkStateProxy"
216-->[androidx.work:work-runtime:2.7.0] AndroidManifest.xml:101:13-103
217            android:directBootAware="false"
217-->[androidx.work:work-runtime:2.7.0] AndroidManifest.xml:102:13-44
218            android:enabled="false"
218-->[androidx.work:work-runtime:2.7.0] AndroidManifest.xml:103:13-36
219            android:exported="false" >
219-->[androidx.work:work-runtime:2.7.0] AndroidManifest.xml:104:13-37
220            <intent-filter>
220-->[androidx.work:work-runtime:2.7.0] AndroidManifest.xml:106:13-108:29
221                <action android:name="android.net.conn.CONNECTIVITY_CHANGE" />
221-->[androidx.work:work-runtime:2.7.0] AndroidManifest.xml:107:17-79
221-->[androidx.work:work-runtime:2.7.0] AndroidManifest.xml:107:25-76
222            </intent-filter>
223        </receiver>
224        <receiver
224-->[androidx.work:work-runtime:2.7.0] AndroidManifest.xml:110:9-121:20
225            android:name="androidx.work.impl.background.systemalarm.RescheduleReceiver"
225-->[androidx.work:work-runtime:2.7.0] AndroidManifest.xml:111:13-88
226            android:directBootAware="false"
226-->[androidx.work:work-runtime:2.7.0] AndroidManifest.xml:112:13-44
227            android:enabled="false"
227-->[androidx.work:work-runtime:2.7.0] AndroidManifest.xml:113:13-36
228            android:exported="false" >
228-->[androidx.work:work-runtime:2.7.0] AndroidManifest.xml:114:13-37
229            <intent-filter>
229-->[androidx.work:work-runtime:2.7.0] AndroidManifest.xml:116:13-120:29
230                <action android:name="android.intent.action.BOOT_COMPLETED" />
230-->[androidx.work:work-runtime:2.7.0] AndroidManifest.xml:117:17-79
230-->[androidx.work:work-runtime:2.7.0] AndroidManifest.xml:117:25-76
231                <action android:name="android.intent.action.TIME_SET" />
231-->[androidx.work:work-runtime:2.7.0] AndroidManifest.xml:118:17-73
231-->[androidx.work:work-runtime:2.7.0] AndroidManifest.xml:118:25-70
232                <action android:name="android.intent.action.TIMEZONE_CHANGED" />
232-->[androidx.work:work-runtime:2.7.0] AndroidManifest.xml:119:17-81
232-->[androidx.work:work-runtime:2.7.0] AndroidManifest.xml:119:25-78
233            </intent-filter>
234        </receiver>
235        <receiver
235-->[androidx.work:work-runtime:2.7.0] AndroidManifest.xml:122:9-131:20
236            android:name="androidx.work.impl.background.systemalarm.ConstraintProxyUpdateReceiver"
236-->[androidx.work:work-runtime:2.7.0] AndroidManifest.xml:123:13-99
237            android:directBootAware="false"
237-->[androidx.work:work-runtime:2.7.0] AndroidManifest.xml:124:13-44
238            android:enabled="@bool/enable_system_alarm_service_default"
238-->[androidx.work:work-runtime:2.7.0] AndroidManifest.xml:125:13-72
239            android:exported="false" >
239-->[androidx.work:work-runtime:2.7.0] AndroidManifest.xml:126:13-37
240            <intent-filter>
240-->[androidx.work:work-runtime:2.7.0] AndroidManifest.xml:128:13-130:29
241                <action android:name="androidx.work.impl.background.systemalarm.UpdateProxies" />
241-->[androidx.work:work-runtime:2.7.0] AndroidManifest.xml:129:17-98
241-->[androidx.work:work-runtime:2.7.0] AndroidManifest.xml:129:25-95
242            </intent-filter>
243        </receiver>
244        <receiver
244-->[androidx.work:work-runtime:2.7.0] AndroidManifest.xml:132:9-142:20
245            android:name="androidx.work.impl.diagnostics.DiagnosticsReceiver"
245-->[androidx.work:work-runtime:2.7.0] AndroidManifest.xml:133:13-78
246            android:directBootAware="false"
246-->[androidx.work:work-runtime:2.7.0] AndroidManifest.xml:134:13-44
247            android:enabled="true"
247-->[androidx.work:work-runtime:2.7.0] AndroidManifest.xml:135:13-35
248            android:exported="true"
248-->[androidx.work:work-runtime:2.7.0] AndroidManifest.xml:136:13-36
249            android:permission="android.permission.DUMP" >
249-->[androidx.work:work-runtime:2.7.0] AndroidManifest.xml:137:13-57
250            <intent-filter>
250-->[androidx.work:work-runtime:2.7.0] AndroidManifest.xml:139:13-141:29
251                <action android:name="androidx.work.diagnostics.REQUEST_DIAGNOSTICS" />
251-->[androidx.work:work-runtime:2.7.0] AndroidManifest.xml:140:17-88
251-->[androidx.work:work-runtime:2.7.0] AndroidManifest.xml:140:25-85
252            </intent-filter>
253        </receiver>
254
255        <uses-library
255-->[androidx.privacysandbox.ads:ads-adservices:1.0.0-beta05] AndroidManifest.xml:23:9-25:40
256            android:name="android.ext.adservices"
256-->[androidx.privacysandbox.ads:ads-adservices:1.0.0-beta05] AndroidManifest.xml:24:13-50
257            android:required="false" />
257-->[androidx.privacysandbox.ads:ads-adservices:1.0.0-beta05] AndroidManifest.xml:25:13-37
258
259        <receiver
259-->[androidx.profileinstaller:profileinstaller:1.3.1] AndroidManifest.xml:34:9-52:20
260            android:name="androidx.profileinstaller.ProfileInstallReceiver"
260-->[androidx.profileinstaller:profileinstaller:1.3.1] AndroidManifest.xml:35:13-76
261            android:directBootAware="false"
261-->[androidx.profileinstaller:profileinstaller:1.3.1] AndroidManifest.xml:36:13-44
262            android:enabled="true"
262-->[androidx.profileinstaller:profileinstaller:1.3.1] AndroidManifest.xml:37:13-35
263            android:exported="true"
263-->[androidx.profileinstaller:profileinstaller:1.3.1] AndroidManifest.xml:38:13-36
264            android:permission="android.permission.DUMP" >
264-->[androidx.profileinstaller:profileinstaller:1.3.1] AndroidManifest.xml:39:13-57
265            <intent-filter>
265-->[androidx.profileinstaller:profileinstaller:1.3.1] AndroidManifest.xml:40:13-42:29
266                <action android:name="androidx.profileinstaller.action.INSTALL_PROFILE" />
266-->[androidx.profileinstaller:profileinstaller:1.3.1] AndroidManifest.xml:41:17-91
266-->[androidx.profileinstaller:profileinstaller:1.3.1] AndroidManifest.xml:41:25-88
267            </intent-filter>
268            <intent-filter>
268-->[androidx.profileinstaller:profileinstaller:1.3.1] AndroidManifest.xml:43:13-45:29
269                <action android:name="androidx.profileinstaller.action.SKIP_FILE" />
269-->[androidx.profileinstaller:profileinstaller:1.3.1] AndroidManifest.xml:44:17-85
269-->[androidx.profileinstaller:profileinstaller:1.3.1] AndroidManifest.xml:44:25-82
270            </intent-filter>
271            <intent-filter>
271-->[androidx.profileinstaller:profileinstaller:1.3.1] AndroidManifest.xml:46:13-48:29